2020/10/12 15:04:35 [INFO] Terraform version: 0.13.0  
2020/10/12 15:04:35 [INFO] Go runtime version: go1.14.7
2020/10/12 15:04:35 [INFO] CLI args: []string{"/usr/local/bin/terraform", "apply", "-auto-approve", ".cml"}
2020/10/12 15:04:35 [DEBUG] Attempting to open CLI config file: /Users/davidgortega/.terraformrc
2020/10/12 15:04:35 [DEBUG] File doesn't exist, but doesn't need to. Ignoring.
2020/10/12 15:04:35 [DEBUG] checking for credentials in "/Users/davidgortega/.terraform.d/plugins"
2020/10/12 15:04:35 [DEBUG] ignoring non-existing provider search directory terraform.d/plugins
2020/10/12 15:04:35 [DEBUG] will search for provider plugins in /Users/davidgortega/.terraform.d/plugins
2020/10/12 15:04:35 [TRACE] getproviders.SearchLocalDirectory: found github.com/davidgortega/iterative v0.3.0 for darwin_amd64 at /Users/davidgortega/.terraform.d/plugins/github.com/DavidGOrtega/iterative/0.3/darwin_amd64
2020/10/12 15:04:35 [DEBUG] ignoring non-existing provider search directory /Users/davidgortega/Library/Application Support/io.terraform/plugins
2020/10/12 15:04:35 [DEBUG] ignoring non-existing provider search directory /Library/Application Support/io.terraform/plugins
2020/10/12 15:04:35 [INFO] CLI command args: []string{"apply", "-auto-approve", ".cml"}
2020/10/12 15:04:35 [TRACE] Meta.Backend: built configuration for "local" backend with hash value 65185884
2020/10/12 15:04:35 [TRACE] Preserving existing state lineage "c7ea2df0-d8b1-c337-b1c2-6188648a353d"
2020/10/12 15:04:35 [TRACE] Preserving existing state lineage "c7ea2df0-d8b1-c337-b1c2-6188648a353d"
2020/10/12 15:04:35 [TRACE] Meta.Backend: working directory was previously initialized for "local" backend
2020/10/12 15:04:35 [TRACE] Meta.Backend: using already-initialized, unchanged "local" backend configuration
2020/10/12 15:04:35 [TRACE] Meta.Backend: instantiated backend of type *local.Local
2020/10/12 15:04:35 [TRACE] providercache.fillMetaCache: scanning directory .terraform/plugins
2020/10/12 15:04:35 [TRACE] getproviders.SearchLocalDirectory: found registry.terraform.io/davidgortega/iterative v0.4.0 for darwin_amd64 at .terraform/plugins/registry.terraform.io/davidgortega/iterative/0.4.0/darwin_amd64
2020/10/12 15:04:35 [TRACE] providercache.fillMetaCache: including .terraform/plugins/registry.terraform.io/davidgortega/iterative/0.4.0/darwin_amd64 as a candidate package for registry.terraform.io/davidgortega/iterative 0.4.0
2020/10/12 15:04:35 [DEBUG] checking for provisioner in "."
2020/10/12 15:04:35 [DEBUG] checking for provisioner in "/usr/local/bin"
2020/10/12 15:04:35 [DEBUG] checking for provisioner in "/Users/davidgortega/.terraform.d/plugins"
2020/10/12 15:04:35 [INFO] Failed to read plugin lock file .terraform/plugins/darwin_amd64/lock.json: open .terraform/plugins/darwin_amd64/lock.json: no such file or directory
2020/10/12 15:04:35 [TRACE] Meta.Backend: backend *local.Local supports operations
2020/10/12 15:04:35 [INFO] backend/local: starting Apply operation
2020/10/12 15:04:35 [TRACE] backend/local: requesting state manager for workspace "default"
2020/10/12 15:04:35 [TRACE] backend/local: state manager for workspace "default" will:
 - read initial snapshot from ./.cml/terraform.tfstate
 - write new snapshots to ./.cml/terraform.tfstate
 - create any backup at ./.cml/terraform.tfstate.backup
2020/10/12 15:04:35 [TRACE] backend/local: requesting state lock for workspace "default"
2020/10/12 15:04:35 [TRACE] statemgr.Filesystem: preparing to manage state snapshots at ./.cml/terraform.tfstate
2020/10/12 15:04:35 [TRACE] statemgr.Filesystem: no previously-stored snapshot exists
2020/10/12 15:04:35 [TRACE] statemgr.Filesystem: locking ./.cml/terraform.tfstate using fcntl flock
2020/10/12 15:04:35 [TRACE] statemgr.Filesystem: writing lock metadata to .cml/.terraform.tfstate.lock.info
2020/10/12 15:04:35 [TRACE] backend/local: reading remote state for workspace "default"
2020/10/12 15:04:35 [TRACE] statemgr.Filesystem: reading latest snapshot from ./.cml/terraform.tfstate
2020/10/12 15:04:35 [TRACE] statemgr.Filesystem: snapshot file has nil snapshot, but that's okay
2020/10/12 15:04:35 [TRACE] statemgr.Filesystem: read nil snapshot
2020/10/12 15:04:35 [TRACE] backend/local: retrieving local state snapshot for workspace "default"
2020/10/12 15:04:35 [TRACE] backend/local: building context for current working directory
2020/10/12 15:04:35 [TRACE] terraform.NewContext: starting
2020/10/12 15:04:35 [TRACE] terraform.NewContext: loading provider schemas
2020/10/12 15:04:35 [TRACE] LoadSchemas: retrieving schema for provider type "registry.terraform.io/davidgortega/iterative"
2020-10-12T15:04:35.279+0200 [INFO]  plugin: configuring client automatic mTLS
2020-10-12T15:04:35.304+0200 [DEBUG] plugin: starting plugin: path=.terraform/plugins/registry.terraform.io/davidgortega/iterative/0.4.0/darwin_amd64/terraform-provider-iterative_v0.4.0 args=[.terraform/plugins/registry.terraform.io/davidgortega/iterative/0.4.0/darwin_amd64/terraform-provider-iterative_v0.4.0]
2020-10-12T15:04:35.307+0200 [DEBUG] plugin: plugin started: path=.terraform/plugins/registry.terraform.io/davidgortega/iterative/0.4.0/darwin_amd64/terraform-provider-iterative_v0.4.0 pid=7968
2020-10-12T15:04:35.307+0200 [DEBUG] plugin: waiting for RPC address: path=.terraform/plugins/registry.terraform.io/davidgortega/iterative/0.4.0/darwin_amd64/terraform-provider-iterative_v0.4.0
2020-10-12T15:04:35.316+0200 [INFO]  plugin.terraform-provider-iterative_v0.4.0: configuring server automatic mTLS: timestamp=2020-10-12T15:04:35.315+0200
2020-10-12T15:04:35.352+0200 [DEBUG] plugin.terraform-provider-iterative_v0.4.0: plugin address: address=/var/folders/9y/yrkbyqmd6xd9vpb05kgppj9c0000gn/T/plugin138748743 network=unix timestamp=2020-10-12T15:04:35.352+0200
2020-10-12T15:04:35.352+0200 [DEBUG] plugin: using plugin: version=5
2020/10/12 15:04:35 [TRACE] GRPCProvider: GetSchema
2020-10-12T15:04:35.418+0200 [TRACE] plugin.stdio: waiting for stdio data
2020/10/12 15:04:35 [TRACE] GRPCProvider: Close
2020-10-12T15:04:35.420+0200 [WARN]  plugin.stdio: received EOF, stopping recv loop: err="rpc error: code = Unavailable desc = transport is closing"
2020-10-12T15:04:35.421+0200 [DEBUG] plugin: plugin process exited: path=.terraform/plugins/registry.terraform.io/davidgortega/iterative/0.4.0/darwin_amd64/terraform-provider-iterative_v0.4.0 pid=7968
2020-10-12T15:04:35.421+0200 [DEBUG] plugin: plugin exited
2020/10/12 15:04:35 [TRACE] terraform.NewContext: complete
2020/10/12 15:04:35 [TRACE] backend/local: finished building terraform.Context
2020/10/12 15:04:35 [TRACE] backend/local: requesting interactive input, if necessary
2020/10/12 15:04:35 [TRACE] Context.Input: Prompting for provider arguments
2020/10/12 15:04:35 [TRACE] Context.Input: Provider provider.iterative declared at .cml/main.tf:11,1-21
2020/10/12 15:04:35 [TRACE] Context.Input: Input for provider.iterative: map[string]cty.Value{}
2020/10/12 15:04:35 [TRACE] backend/local: running validation operation
2020/10/12 15:04:35 [INFO] terraform: building graph: GraphTypeValidate
2020/10/12 15:04:35 [TRACE] Executing graph transform *terraform.ConfigTransformer
2020/10/12 15:04:35 [TRACE] ConfigTransformer: Starting for path: 
2020/10/12 15:04:35 [TRACE] Completed graph transform *terraform.ConfigTransformer with new graph:
  iterative_machine.machine - *terraform.NodeValidatableResource
  ------
2020/10/12 15:04:35 [TRACE] Executing graph transform *terraform.LocalTransformer
2020/10/12 15:04:35 [TRACE] Completed graph transform *terraform.LocalTransformer (no changes)
2020/10/12 15:04:35 [TRACE] Executing graph transform *terraform.OutputTransformer
2020/10/12 15:04:35 [TRACE] Completed graph transform *terraform.OutputTransformer (no changes)
2020/10/12 15:04:35 [TRACE] Executing graph transform *terraform.OrphanResourceInstanceTransformer
2020/10/12 15:04:35 [TRACE] Completed graph transform *terraform.OrphanResourceInstanceTransformer (no changes)
2020/10/12 15:04:35 [TRACE] Executing graph transform *terraform.StateTransformer
2020/10/12 15:04:35 [TRACE] StateTransformer: state is empty, so nothing to do
2020/10/12 15:04:35 [TRACE] Completed graph transform *terraform.StateTransformer (no changes)
2020/10/12 15:04:35 [TRACE] Executing graph transform *terraform.OrphanOutputTransformer
2020/10/12 15:04:35 [TRACE] Completed graph transform *terraform.OrphanOutputTransformer (no changes)
2020/10/12 15:04:35 [TRACE] Executing graph transform *terraform.AttachResourceConfigTransformer
2020/10/12 15:04:35 [TRACE] AttachResourceConfigTransformer: attaching to "iterative_machine.machine" (*terraform.NodeValidatableResource) config from .cml/main.tf:13,1-39
2020/10/12 15:04:35 [TRACE] AttachResourceConfigTransformer: attaching provider meta configs to iterative_machine.machine
2020/10/12 15:04:35 [TRACE] Completed graph transform *terraform.AttachResourceConfigTransformer (no changes)
2020/10/12 15:04:35 [TRACE] Executing graph transform *terraform.AttachStateTransformer
2020/10/12 15:04:35 [TRACE] Completed graph transform *terraform.AttachStateTransformer (no changes)
2020/10/12 15:04:35 [TRACE] Executing graph transform *terraform.RootVariableTransformer
2020/10/12 15:04:35 [TRACE] Completed graph transform *terraform.RootVariableTransformer (no changes)
2020/10/12 15:04:35 [TRACE] Executing graph transform *terraform.MissingProvisionerTransformer
2020/10/12 15:04:35 [TRACE] Completed graph transform *terraform.MissingProvisionerTransformer (no changes)
2020/10/12 15:04:35 [TRACE] Executing graph transform *terraform.ProvisionerTransformer
2020/10/12 15:04:35 [TRACE] Completed graph transform *terraform.ProvisionerTransformer (no changes)
2020/10/12 15:04:35 [TRACE] Executing graph transform *terraform.ModuleVariableTransformer
2020/10/12 15:04:35 [TRACE] Completed graph transform *terraform.ModuleVariableTransformer (no changes)
2020/10/12 15:04:35 [TRACE] Executing graph transform *terraform.graphTransformerMulti
2020/10/12 15:04:35 [TRACE] (graphTransformerMulti) Executing graph transform *terraform.ProviderConfigTransformer
2020/10/12 15:04:35 [TRACE] ProviderConfigTransformer: attaching to "provider[\"registry.terraform.io/davidgortega/iterative\"]" provider configuration from .cml/main.tf:11,1-21
2020/10/12 15:04:35 [TRACE] (graphTransformerMulti) Completed graph transform *terraform.ProviderConfigTransformer with new graph:
  iterative_machine.machine - *terraform.NodeValidatableResource
  provider["registry.terraform.io/davidgortega/iterative"] - *terraform.NodeApplyableProvider
  ------
2020/10/12 15:04:35 [TRACE] (graphTransformerMulti) Executing graph transform *terraform.MissingProviderTransformer
2020/10/12 15:04:35 [TRACE] (graphTransformerMulti) Completed graph transform *terraform.MissingProviderTransformer (no changes)
2020/10/12 15:04:35 [TRACE] (graphTransformerMulti) Executing graph transform *terraform.ProviderTransformer
2020/10/12 15:04:35 [TRACE] ProviderTransformer: exact match for provider["registry.terraform.io/davidgortega/iterative"] serving iterative_machine.machine
2020/10/12 15:04:35 [DEBUG] ProviderTransformer: "iterative_machine.machine" (*terraform.NodeValidatableResource) needs provider["registry.terraform.io/davidgortega/iterative"]
2020/10/12 15:04:35 [TRACE] (graphTransformerMulti) Completed graph transform *terraform.ProviderTransformer with new graph:
  iterative_machine.machine - *terraform.NodeValidatableResource
    provider["registry.terraform.io/davidgortega/iterative"] - *terraform.NodeApplyableProvider
  provider["registry.terraform.io/davidgortega/iterative"] - *terraform.NodeApplyableProvider
  ------
2020/10/12 15:04:35 [TRACE] (graphTransformerMulti) Executing graph transform *terraform.PruneProviderTransformer
2020/10/12 15:04:35 [TRACE] (graphTransformerMulti) Completed graph transform *terraform.PruneProviderTransformer (no changes)
2020/10/12 15:04:35 [TRACE] (graphTransformerMulti) Executing graph transform *terraform.ParentProviderTransformer
2020/10/12 15:04:35 [TRACE] (graphTransformerMulti) Completed graph transform *terraform.ParentProviderTransformer (no changes)
2020/10/12 15:04:35 [TRACE] Completed graph transform *terraform.graphTransformerMulti with new graph:
  iterative_machine.machine - *terraform.NodeValidatableResource
    provider["registry.terraform.io/davidgortega/iterative"] - *terraform.NodeApplyableProvider
  provider["registry.terraform.io/davidgortega/iterative"] - *terraform.NodeApplyableProvider
  ------
2020/10/12 15:04:35 [TRACE] Executing graph transform *terraform.RemovedModuleTransformer
2020/10/12 15:04:35 [TRACE] Completed graph transform *terraform.RemovedModuleTransformer (no changes)
2020/10/12 15:04:35 [TRACE] Executing graph transform *terraform.AttachSchemaTransformer
2020/10/12 15:04:35 [TRACE] AttachSchemaTransformer: attaching resource schema to iterative_machine.machine
2020/10/12 15:04:35 [TRACE] AttachSchemaTransformer: attaching provider config schema to provider["registry.terraform.io/davidgortega/iterative"]
2020/10/12 15:04:35 [TRACE] Completed graph transform *terraform.AttachSchemaTransformer (no changes)
2020/10/12 15:04:35 [TRACE] Executing graph transform *terraform.ModuleExpansionTransformer
2020/10/12 15:04:35 [TRACE] Completed graph transform *terraform.ModuleExpansionTransformer (no changes)
2020/10/12 15:04:35 [TRACE] Executing graph transform *terraform.ReferenceTransformer
2020/10/12 15:04:35 [DEBUG] ReferenceTransformer: "iterative_machine.machine" references: []
2020/10/12 15:04:35 [DEBUG] ReferenceTransformer: "provider[\"registry.terraform.io/davidgortega/iterative\"]" references: []
2020/10/12 15:04:35 [TRACE] Completed graph transform *terraform.ReferenceTransformer (no changes)
2020/10/12 15:04:35 [TRACE] Executing graph transform *terraform.attachDataResourceDependenciesTransformer
2020/10/12 15:04:35 [TRACE] Completed graph transform *terraform.attachDataResourceDependenciesTransformer (no changes)
2020/10/12 15:04:35 [TRACE] Executing graph transform *terraform.TargetsTransformer
2020/10/12 15:04:35 [TRACE] Completed graph transform *terraform.TargetsTransformer (no changes)
2020/10/12 15:04:35 [TRACE] Executing graph transform *terraform.ForcedCBDTransformer
2020/10/12 15:04:35 [TRACE] Completed graph transform *terraform.ForcedCBDTransformer (no changes)
2020/10/12 15:04:35 [TRACE] Executing graph transform *terraform.CountBoundaryTransformer
2020/10/12 15:04:35 [TRACE] Completed graph transform *terraform.CountBoundaryTransformer with new graph:
  iterative_machine.machine - *terraform.NodeValidatableResource
    provider["registry.terraform.io/davidgortega/iterative"] - *terraform.NodeApplyableProvider
  meta.count-boundary (EachMode fixup) - *terraform.NodeCountBoundary
    iterative_machine.machine - *terraform.NodeValidatableResource
    provider["registry.terraform.io/davidgortega/iterative"] - *terraform.NodeApplyableProvider
  provider["registry.terraform.io/davidgortega/iterative"] - *terraform.NodeApplyableProvider
  ------
2020/10/12 15:04:35 [TRACE] Executing graph transform *terraform.CloseProviderTransformer
2020/10/12 15:04:35 [TRACE] Completed graph transform *terraform.CloseProviderTransformer with new graph:
  iterative_machine.machine - *terraform.NodeValidatableResource
    provider["registry.terraform.io/davidgortega/iterative"] - *terraform.NodeApplyableProvider
  meta.count-boundary (EachMode fixup) - *terraform.NodeCountBoundary
    iterative_machine.machine - *terraform.NodeValidatableResource
    provider["registry.terraform.io/davidgortega/iterative"] - *terraform.NodeApplyableProvider
  provider["registry.terraform.io/davidgortega/iterative"] - *terraform.NodeApplyableProvider
  provider["registry.terraform.io/davidgortega/iterative"] (close) - *terraform.graphNodeCloseProvider
    iterative_machine.machine - *terraform.NodeValidatableResource
    provider["registry.terraform.io/davidgortega/iterative"] - *terraform.NodeApplyableProvider
  ------
2020/10/12 15:04:35 [TRACE] Executing graph transform *terraform.CloseProvisionerTransformer
2020/10/12 15:04:35 [TRACE] Completed graph transform *terraform.CloseProvisionerTransformer (no changes)
2020/10/12 15:04:35 [TRACE] Executing graph transform *terraform.CloseRootModuleTransformer
2020/10/12 15:04:35 [TRACE] Completed graph transform *terraform.CloseRootModuleTransformer with new graph:
  iterative_machine.machine - *terraform.NodeValidatableResource
    provider["registry.terraform.io/davidgortega/iterative"] - *terraform.NodeApplyableProvider
  meta.count-boundary (EachMode fixup) - *terraform.NodeCountBoundary
    iterative_machine.machine - *terraform.NodeValidatableResource
    provider["registry.terraform.io/davidgortega/iterative"] - *terraform.NodeApplyableProvider
  provider["registry.terraform.io/davidgortega/iterative"] - *terraform.NodeApplyableProvider
  provider["registry.terraform.io/davidgortega/iterative"] (close) - *terraform.graphNodeCloseProvider
    iterative_machine.machine - *terraform.NodeValidatableResource
    provider["registry.terraform.io/davidgortega/iterative"] - *terraform.NodeApplyableProvider
  root - *terraform.nodeCloseModule
    meta.count-boundary (EachMode fixup) - *terraform.NodeCountBoundary
    provider["registry.terraform.io/davidgortega/iterative"] (close) - *terraform.graphNodeCloseProvider
  ------
2020/10/12 15:04:35 [TRACE] Executing graph transform *terraform.TransitiveReductionTransformer
2020/10/12 15:04:35 [TRACE] Completed graph transform *terraform.TransitiveReductionTransformer with new graph:
  iterative_machine.machine - *terraform.NodeValidatableResource
    provider["registry.terraform.io/davidgortega/iterative"] - *terraform.NodeApplyableProvider
  meta.count-boundary (EachMode fixup) - *terraform.NodeCountBoundary
    iterative_machine.machine - *terraform.NodeValidatableResource
  provider["registry.terraform.io/davidgortega/iterative"] - *terraform.NodeApplyableProvider
  provider["registry.terraform.io/davidgortega/iterative"] (close) - *terraform.graphNodeCloseProvider
    iterative_machine.machine - *terraform.NodeValidatableResource
  root - *terraform.nodeCloseModule
    meta.count-boundary (EachMode fixup) - *terraform.NodeCountBoundary
    provider["registry.terraform.io/davidgortega/iterative"] (close) - *terraform.graphNodeCloseProvider
  ------
2020/10/12 15:04:35 [DEBUG] Starting graph walk: walkValidate
2020/10/12 15:04:35 [TRACE] dag/walk: visiting "provider[\"registry.terraform.io/davidgortega/iterative\"]"
2020/10/12 15:04:35 [TRACE] vertex "provider[\"registry.terraform.io/davidgortega/iterative\"]": starting visit (*terraform.NodeApplyableProvider)
2020/10/12 15:04:35 [TRACE] vertex "provider[\"registry.terraform.io/davidgortega/iterative\"]": evaluating
2020/10/12 15:04:35 [TRACE] [walkValidate] Entering eval tree: provider["registry.terraform.io/davidgortega/iterative"]
2020/10/12 15:04:35 [TRACE] eval: *terraform.EvalSequence
2020/10/12 15:04:35 [TRACE] eval: *terraform.EvalInitProvider
2020-10-12T15:04:35.423+0200 [INFO]  plugin: configuring client automatic mTLS
2020-10-12T15:04:35.447+0200 [DEBUG] plugin: starting plugin: path=.terraform/plugins/registry.terraform.io/davidgortega/iterative/0.4.0/darwin_amd64/terraform-provider-iterative_v0.4.0 args=[.terraform/plugins/registry.terraform.io/davidgortega/iterative/0.4.0/darwin_amd64/terraform-provider-iterative_v0.4.0]
2020-10-12T15:04:35.450+0200 [DEBUG] plugin: plugin started: path=.terraform/plugins/registry.terraform.io/davidgortega/iterative/0.4.0/darwin_amd64/terraform-provider-iterative_v0.4.0 pid=7969
2020-10-12T15:04:35.450+0200 [DEBUG] plugin: waiting for RPC address: path=.terraform/plugins/registry.terraform.io/davidgortega/iterative/0.4.0/darwin_amd64/terraform-provider-iterative_v0.4.0
2020-10-12T15:04:35.460+0200 [INFO]  plugin.terraform-provider-iterative_v0.4.0: configuring server automatic mTLS: timestamp=2020-10-12T15:04:35.460+0200
2020-10-12T15:04:35.486+0200 [DEBUG] plugin: using plugin: version=5
2020-10-12T15:04:35.486+0200 [DEBUG] plugin.terraform-provider-iterative_v0.4.0: plugin address: network=unix address=/var/folders/9y/yrkbyqmd6xd9vpb05kgppj9c0000gn/T/plugin621659316 timestamp=2020-10-12T15:04:35.486+0200
2020/10/12 15:04:35 [TRACE] BuiltinEvalContext: Initialized "provider[\"registry.terraform.io/davidgortega/iterative\"]" provider for provider["registry.terraform.io/davidgortega/iterative"]
2020/10/12 15:04:35 [TRACE] eval: *terraform.EvalOpFilter
2020/10/12 15:04:35 [TRACE] eval: *terraform.EvalSequence
2020/10/12 15:04:35 [TRACE] eval: *terraform.EvalGetProvider
2020/10/12 15:04:35 [TRACE] eval: *terraform.EvalValidateProvider
2020/10/12 15:04:35 [TRACE] buildProviderConfig for provider["registry.terraform.io/davidgortega/iterative"]: using explicit config only
2020/10/12 15:04:35 [TRACE] GRPCProvider: GetSchema
2020-10-12T15:04:35.537+0200 [TRACE] plugin.stdio: waiting for stdio data
2020/10/12 15:04:35 [TRACE] GRPCProvider: PrepareProviderConfig
2020/10/12 15:04:35 [TRACE] eval: terraform.EvalNoop
2020/10/12 15:04:35 [TRACE] eval: terraform.EvalNoop
2020/10/12 15:04:35 [TRACE] eval: terraform.EvalNoop
2020/10/12 15:04:35 [TRACE] [walkValidate] Exiting eval tree: provider["registry.terraform.io/davidgortega/iterative"]
2020/10/12 15:04:35 [TRACE] vertex "provider[\"registry.terraform.io/davidgortega/iterative\"]": visit complete
2020/10/12 15:04:35 [TRACE] dag/walk: visiting "iterative_machine.machine"
2020/10/12 15:04:35 [TRACE] vertex "iterative_machine.machine": starting visit (*terraform.NodeValidatableResource)
2020/10/12 15:04:35 [TRACE] vertex "iterative_machine.machine": evaluating
2020/10/12 15:04:35 [TRACE] [walkValidate] Entering eval tree: iterative_machine.machine
2020/10/12 15:04:35 [TRACE] eval: *terraform.EvalSequence
2020/10/12 15:04:35 [TRACE] eval: *terraform.EvalGetProvider
2020/10/12 15:04:35 [TRACE] eval: *terraform.EvalValidateResource
2020/10/12 15:04:35 [TRACE] GRPCProvider: ValidateResourceTypeConfig
2020/10/12 15:04:35 [TRACE] [walkValidate] Exiting eval tree: iterative_machine.machine
2020/10/12 15:04:35 [TRACE] vertex "iterative_machine.machine": visit complete
2020/10/12 15:04:35 [TRACE] dag/walk: visiting "provider[\"registry.terraform.io/davidgortega/iterative\"] (close)"
2020/10/12 15:04:35 [TRACE] dag/walk: visiting "meta.count-boundary (EachMode fixup)"
2020/10/12 15:04:35 [TRACE] vertex "provider[\"registry.terraform.io/davidgortega/iterative\"] (close)": starting visit (*terraform.graphNodeCloseProvider)
2020/10/12 15:04:35 [TRACE] vertex "meta.count-boundary (EachMode fixup)": starting visit (*terraform.NodeCountBoundary)
2020/10/12 15:04:35 [TRACE] vertex "meta.count-boundary (EachMode fixup)": evaluating
2020/10/12 15:04:35 [TRACE] vertex "provider[\"registry.terraform.io/davidgortega/iterative\"] (close)": evaluating
2020/10/12 15:04:35 [TRACE] [walkValidate] Entering eval tree: meta.count-boundary (EachMode fixup)
2020/10/12 15:04:35 [TRACE] [walkValidate] Entering eval tree: provider["registry.terraform.io/davidgortega/iterative"] (close)
2020/10/12 15:04:35 [TRACE] eval: *terraform.EvalCountFixZeroOneBoundaryGlobal
2020/10/12 15:04:35 [TRACE] eval: *terraform.EvalCloseProvider
2020/10/12 15:04:35 [TRACE] GRPCProvider: Close
2020/10/12 15:04:35 [TRACE] [walkValidate] Exiting eval tree: meta.count-boundary (EachMode fixup)
2020/10/12 15:04:35 [TRACE] vertex "meta.count-boundary (EachMode fixup)": visit complete
2020-10-12T15:04:35.539+0200 [WARN]  plugin.stdio: received EOF, stopping recv loop: err="rpc error: code = Unavailable desc = transport is closing"
2020-10-12T15:04:35.540+0200 [DEBUG] plugin: plugin process exited: path=.terraform/plugins/registry.terraform.io/davidgortega/iterative/0.4.0/darwin_amd64/terraform-provider-iterative_v0.4.0 pid=7969
2020-10-12T15:04:35.540+0200 [DEBUG] plugin: plugin exited
2020/10/12 15:04:35 [TRACE] [walkValidate] Exiting eval tree: provider["registry.terraform.io/davidgortega/iterative"] (close)
2020/10/12 15:04:35 [TRACE] vertex "provider[\"registry.terraform.io/davidgortega/iterative\"] (close)": visit complete
2020/10/12 15:04:35 [TRACE] dag/walk: visiting "root"
2020/10/12 15:04:35 [TRACE] vertex "root": starting visit (*terraform.nodeCloseModule)
2020/10/12 15:04:35 [TRACE] vertex "root": evaluating
2020/10/12 15:04:35 [TRACE] [walkValidate] Entering eval tree: root
2020/10/12 15:04:35 [TRACE] eval: *terraform.EvalSequence
2020/10/12 15:04:35 [TRACE] eval: terraform.EvalNoop
2020/10/12 15:04:35 [TRACE] [walkValidate] Exiting eval tree: root
2020/10/12 15:04:35 [TRACE] vertex "root": visit complete
2020/10/12 15:04:35 [INFO] backend/local: apply calling Refresh
2020/10/12 15:04:35 [INFO] terraform: building graph: GraphTypeRefresh
2020/10/12 15:04:35 [TRACE] No managed resources in state during refresh; skipping managed resource transformer
2020/10/12 15:04:35 [TRACE] Executing graph transform *terraform.ConfigTransformer
2020/10/12 15:04:35 [TRACE] ConfigTransformer: Starting for path: 
2020/10/12 15:04:35 [TRACE] Completed graph transform *terraform.ConfigTransformer (no changes)
2020/10/12 15:04:35 [TRACE] Executing graph transform *terraform.OrphanResourceInstanceTransformer
2020/10/12 15:04:35 [TRACE] Completed graph transform *terraform.OrphanResourceInstanceTransformer (no changes)
2020/10/12 15:04:35 [TRACE] Executing graph transform *terraform.StateTransformer
2020/10/12 15:04:35 [TRACE] StateTransformer: state is empty, so nothing to do
2020/10/12 15:04:35 [TRACE] Completed graph transform *terraform.StateTransformer (no changes)
2020/10/12 15:04:35 [TRACE] Executing graph transform *terraform.AttachStateTransformer
2020/10/12 15:04:35 [TRACE] Completed graph transform *terraform.AttachStateTransformer (no changes)
2020/10/12 15:04:35 [TRACE] Executing graph transform *terraform.AttachResourceConfigTransformer
2020/10/12 15:04:35 [TRACE] Completed graph transform *terraform.AttachResourceConfigTransformer (no changes)
2020/10/12 15:04:35 [TRACE] Executing graph transform *terraform.RootVariableTransformer
2020/10/12 15:04:35 [TRACE] Completed graph transform *terraform.RootVariableTransformer (no changes)
2020/10/12 15:04:35 [TRACE] Executing graph transform *terraform.LocalTransformer
2020/10/12 15:04:35 [TRACE] Completed graph transform *terraform.LocalTransformer (no changes)
2020/10/12 15:04:35 [TRACE] Executing graph transform *terraform.OutputTransformer
2020/10/12 15:04:35 [TRACE] Completed graph transform *terraform.OutputTransformer (no changes)
2020/10/12 15:04:35 [TRACE] Executing graph transform *terraform.ModuleVariableTransformer
2020/10/12 15:04:35 [TRACE] Completed graph transform *terraform.ModuleVariableTransformer (no changes)
2020/10/12 15:04:35 [TRACE] Executing graph transform *terraform.graphTransformerMulti
2020/10/12 15:04:35 [TRACE] (graphTransformerMulti) Executing graph transform *terraform.ProviderConfigTransformer
2020/10/12 15:04:35 [TRACE] ProviderConfigTransformer: attaching to "provider[\"registry.terraform.io/davidgortega/iterative\"]" provider configuration from .cml/main.tf:11,1-21
2020/10/12 15:04:35 [TRACE] (graphTransformerMulti) Completed graph transform *terraform.ProviderConfigTransformer with new graph:
  provider["registry.terraform.io/davidgortega/iterative"] - *terraform.NodeApplyableProvider
  ------
2020/10/12 15:04:35 [TRACE] (graphTransformerMulti) Executing graph transform *terraform.MissingProviderTransformer
2020/10/12 15:04:35 [TRACE] (graphTransformerMulti) Completed graph transform *terraform.MissingProviderTransformer (no changes)
2020/10/12 15:04:35 [TRACE] (graphTransformerMulti) Executing graph transform *terraform.ProviderTransformer
2020/10/12 15:04:35 [TRACE] (graphTransformerMulti) Completed graph transform *terraform.ProviderTransformer (no changes)
2020/10/12 15:04:35 [TRACE] (graphTransformerMulti) Executing graph transform *terraform.PruneProviderTransformer
2020/10/12 15:04:35 [DEBUG] pruning unused provider["registry.terraform.io/davidgortega/iterative"]
2020/10/12 15:04:35 [TRACE] (graphTransformerMulti) Completed graph transform *terraform.PruneProviderTransformer with new graph:
  ------
2020/10/12 15:04:35 [TRACE] (graphTransformerMulti) Executing graph transform *terraform.ParentProviderTransformer
2020/10/12 15:04:35 [TRACE] (graphTransformerMulti) Completed graph transform *terraform.ParentProviderTransformer (no changes)
2020/10/12 15:04:35 [TRACE] Completed graph transform *terraform.graphTransformerMulti (no changes)
2020/10/12 15:04:35 [TRACE] Executing graph transform *terraform.AttachSchemaTransformer
2020/10/12 15:04:35 [TRACE] Completed graph transform *terraform.AttachSchemaTransformer (no changes)
2020/10/12 15:04:35 [TRACE] Executing graph transform *terraform.ModuleExpansionTransformer
2020/10/12 15:04:35 [TRACE] Completed graph transform *terraform.ModuleExpansionTransformer (no changes)
2020/10/12 15:04:35 [TRACE] Executing graph transform *terraform.ReferenceTransformer
2020/10/12 15:04:35 [TRACE] Completed graph transform *terraform.ReferenceTransformer (no changes)
2020/10/12 15:04:35 [TRACE] Executing graph transform *terraform.AttachDependenciesTransformer
2020/10/12 15:04:35 [TRACE] Completed graph transform *terraform.AttachDependenciesTransformer (no changes)
2020/10/12 15:04:35 [TRACE] Executing graph transform *terraform.attachDataResourceDependenciesTransformer
2020/10/12 15:04:35 [TRACE] Completed graph transform *terraform.attachDataResourceDependenciesTransformer (no changes)
2020/10/12 15:04:35 [TRACE] Executing graph transform *terraform.TargetsTransformer
2020/10/12 15:04:35 [TRACE] Completed graph transform *terraform.TargetsTransformer (no changes)
2020/10/12 15:04:35 [TRACE] Executing graph transform *terraform.CloseProviderTransformer
2020/10/12 15:04:35 [TRACE] Completed graph transform *terraform.CloseProviderTransformer (no changes)
2020/10/12 15:04:35 [TRACE] Executing graph transform *terraform.CloseRootModuleTransformer
2020/10/12 15:04:35 [TRACE] Completed graph transform *terraform.CloseRootModuleTransformer with new graph:
  root - *terraform.nodeCloseModule
  ------
2020/10/12 15:04:35 [TRACE] Executing graph transform *terraform.TransitiveReductionTransformer
2020/10/12 15:04:35 [TRACE] Completed graph transform *terraform.TransitiveReductionTransformer (no changes)
2020/10/12 15:04:35 [DEBUG] Starting graph walk: walkRefresh
2020/10/12 15:04:35 [TRACE] dag/walk: visiting "root"
2020/10/12 15:04:35 [TRACE] vertex "root": starting visit (*terraform.nodeCloseModule)
2020/10/12 15:04:35 [TRACE] vertex "root": evaluating
2020/10/12 15:04:35 [TRACE] [walkRefresh] Entering eval tree: root
2020/10/12 15:04:35 [TRACE] eval: *terraform.EvalSequence
2020/10/12 15:04:35 [TRACE] eval: terraform.EvalNoop
2020/10/12 15:04:35 [TRACE] [walkRefresh] Exiting eval tree: root
2020/10/12 15:04:35 [TRACE] vertex "root": visit complete
2020/10/12 15:04:35 [INFO] backend/local: apply calling Plan
2020/10/12 15:04:35 [INFO] terraform: building graph: GraphTypePlan
2020/10/12 15:04:35 [TRACE] Executing graph transform *terraform.ConfigTransformer
2020/10/12 15:04:35 [TRACE] ConfigTransformer: Starting for path: 
2020/10/12 15:04:35 [TRACE] Completed graph transform *terraform.ConfigTransformer with new graph:
  iterative_machine.machine (expand) - *terraform.nodeExpandPlannableResource
  ------
2020/10/12 15:04:35 [TRACE] Executing graph transform *terraform.LocalTransformer
2020/10/12 15:04:35 [TRACE] Completed graph transform *terraform.LocalTransformer (no changes)
2020/10/12 15:04:35 [TRACE] Executing graph transform *terraform.OutputTransformer
2020/10/12 15:04:35 [TRACE] Completed graph transform *terraform.OutputTransformer (no changes)
2020/10/12 15:04:35 [TRACE] Executing graph transform *terraform.OrphanResourceInstanceTransformer
2020/10/12 15:04:35 [TRACE] Completed graph transform *terraform.OrphanResourceInstanceTransformer (no changes)
2020/10/12 15:04:35 [TRACE] Executing graph transform *terraform.StateTransformer
2020/10/12 15:04:35 [TRACE] StateTransformer: state is empty, so nothing to do
2020/10/12 15:04:35 [TRACE] Completed graph transform *terraform.StateTransformer (no changes)
2020/10/12 15:04:35 [TRACE] Executing graph transform *terraform.OrphanOutputTransformer
2020/10/12 15:04:35 [TRACE] Completed graph transform *terraform.OrphanOutputTransformer (no changes)
2020/10/12 15:04:35 [TRACE] Executing graph transform *terraform.AttachResourceConfigTransformer
2020/10/12 15:04:35 [TRACE] AttachResourceConfigTransformer: attaching to "iterative_machine.machine (expand)" (*terraform.nodeExpandPlannableResource) config from .cml/main.tf:13,1-39
2020/10/12 15:04:35 [TRACE] AttachResourceConfigTransformer: attaching provider meta configs to iterative_machine.machine (expand)
2020/10/12 15:04:35 [TRACE] Completed graph transform *terraform.AttachResourceConfigTransformer (no changes)
2020/10/12 15:04:35 [TRACE] Executing graph transform *terraform.AttachStateTransformer
2020/10/12 15:04:35 [TRACE] Completed graph transform *terraform.AttachStateTransformer (no changes)
2020/10/12 15:04:35 [TRACE] Executing graph transform *terraform.RootVariableTransformer
2020/10/12 15:04:35 [TRACE] Completed graph transform *terraform.RootVariableTransformer (no changes)
2020/10/12 15:04:35 [TRACE] Executing graph transform *terraform.MissingProvisionerTransformer
2020/10/12 15:04:35 [TRACE] Completed graph transform *terraform.MissingProvisionerTransformer (no changes)
2020/10/12 15:04:35 [TRACE] Executing graph transform *terraform.ProvisionerTransformer
2020/10/12 15:04:35 [TRACE] Completed graph transform *terraform.ProvisionerTransformer (no changes)
2020/10/12 15:04:35 [TRACE] Executing graph transform *terraform.ModuleVariableTransformer
2020/10/12 15:04:35 [TRACE] Completed graph transform *terraform.ModuleVariableTransformer (no changes)
2020/10/12 15:04:35 [TRACE] Executing graph transform *terraform.graphTransformerMulti
2020/10/12 15:04:35 [TRACE] (graphTransformerMulti) Executing graph transform *terraform.ProviderConfigTransformer
2020/10/12 15:04:35 [TRACE] ProviderConfigTransformer: attaching to "provider[\"registry.terraform.io/davidgortega/iterative\"]" provider configuration from .cml/main.tf:11,1-21
2020/10/12 15:04:35 [TRACE] (graphTransformerMulti) Completed graph transform *terraform.ProviderConfigTransformer with new graph:
  iterative_machine.machine (expand) - *terraform.nodeExpandPlannableResource
  provider["registry.terraform.io/davidgortega/iterative"] - *terraform.NodeApplyableProvider
  ------
2020/10/12 15:04:35 [TRACE] (graphTransformerMulti) Executing graph transform *terraform.MissingProviderTransformer
2020/10/12 15:04:35 [TRACE] (graphTransformerMulti) Completed graph transform *terraform.MissingProviderTransformer (no changes)
2020/10/12 15:04:35 [TRACE] (graphTransformerMulti) Executing graph transform *terraform.ProviderTransformer
2020/10/12 15:04:35 [TRACE] ProviderTransformer: exact match for provider["registry.terraform.io/davidgortega/iterative"] serving iterative_machine.machine (expand)
2020/10/12 15:04:35 [DEBUG] ProviderTransformer: "iterative_machine.machine (expand)" (*terraform.nodeExpandPlannableResource) needs provider["registry.terraform.io/davidgortega/iterative"]
2020/10/12 15:04:35 [TRACE] (graphTransformerMulti) Completed graph transform *terraform.ProviderTransformer with new graph:
  iterative_machine.machine (expand) - *terraform.nodeExpandPlannableResource
    provider["registry.terraform.io/davidgortega/iterative"] - *terraform.NodeApplyableProvider
  provider["registry.terraform.io/davidgortega/iterative"] - *terraform.NodeApplyableProvider
  ------
2020/10/12 15:04:35 [TRACE] (graphTransformerMulti) Executing graph transform *terraform.PruneProviderTransformer
2020/10/12 15:04:35 [TRACE] (graphTransformerMulti) Completed graph transform *terraform.PruneProviderTransformer (no changes)
2020/10/12 15:04:35 [TRACE] (graphTransformerMulti) Executing graph transform *terraform.ParentProviderTransformer
2020/10/12 15:04:35 [TRACE] (graphTransformerMulti) Completed graph transform *terraform.ParentProviderTransformer (no changes)
2020/10/12 15:04:35 [TRACE] Completed graph transform *terraform.graphTransformerMulti with new graph:
  iterative_machine.machine (expand) - *terraform.nodeExpandPlannableResource
    provider["registry.terraform.io/davidgortega/iterative"] - *terraform.NodeApplyableProvider
  provider["registry.terraform.io/davidgortega/iterative"] - *terraform.NodeApplyableProvider
  ------
2020/10/12 15:04:35 [TRACE] Executing graph transform *terraform.RemovedModuleTransformer
2020/10/12 15:04:35 [TRACE] Completed graph transform *terraform.RemovedModuleTransformer (no changes)
2020/10/12 15:04:35 [TRACE] Executing graph transform *terraform.AttachSchemaTransformer
2020/10/12 15:04:35 [TRACE] AttachSchemaTransformer: attaching resource schema to iterative_machine.machine (expand)
2020/10/12 15:04:35 [TRACE] AttachSchemaTransformer: attaching provider config schema to provider["registry.terraform.io/davidgortega/iterative"]
2020/10/12 15:04:35 [TRACE] Completed graph transform *terraform.AttachSchemaTransformer (no changes)
2020/10/12 15:04:35 [TRACE] Executing graph transform *terraform.ModuleExpansionTransformer
2020/10/12 15:04:35 [TRACE] Completed graph transform *terraform.ModuleExpansionTransformer (no changes)
2020/10/12 15:04:35 [TRACE] Executing graph transform *terraform.ReferenceTransformer
2020/10/12 15:04:35 [DEBUG] ReferenceTransformer: "iterative_machine.machine (expand)" references: []
2020/10/12 15:04:35 [DEBUG] ReferenceTransformer: "provider[\"registry.terraform.io/davidgortega/iterative\"]" references: []
2020/10/12 15:04:35 [TRACE] Completed graph transform *terraform.ReferenceTransformer (no changes)
2020/10/12 15:04:35 [TRACE] Executing graph transform *terraform.attachDataResourceDependenciesTransformer
2020/10/12 15:04:35 [TRACE] Completed graph transform *terraform.attachDataResourceDependenciesTransformer (no changes)
2020/10/12 15:04:35 [TRACE] Executing graph transform *terraform.TargetsTransformer
2020/10/12 15:04:35 [TRACE] Completed graph transform *terraform.TargetsTransformer (no changes)
2020/10/12 15:04:35 [TRACE] Executing graph transform *terraform.ForcedCBDTransformer
2020/10/12 15:04:35 [TRACE] ForcedCBDTransformer: "iterative_machine.machine (expand)" (*terraform.nodeExpandPlannableResource) has no CBD descendent, so skipping
2020/10/12 15:04:35 [TRACE] Completed graph transform *terraform.ForcedCBDTransformer (no changes)
2020/10/12 15:04:35 [TRACE] Executing graph transform *terraform.CountBoundaryTransformer
2020/10/12 15:04:35 [TRACE] Completed graph transform *terraform.CountBoundaryTransformer with new graph:
  iterative_machine.machine (expand) - *terraform.nodeExpandPlannableResource
    provider["registry.terraform.io/davidgortega/iterative"] - *terraform.NodeApplyableProvider
  meta.count-boundary (EachMode fixup) - *terraform.NodeCountBoundary
    iterative_machine.machine (expand) - *terraform.nodeExpandPlannableResource
    provider["registry.terraform.io/davidgortega/iterative"] - *terraform.NodeApplyableProvider
  provider["registry.terraform.io/davidgortega/iterative"] - *terraform.NodeApplyableProvider
  ------
2020/10/12 15:04:35 [TRACE] Executing graph transform *terraform.CloseProviderTransformer
2020/10/12 15:04:35 [TRACE] Completed graph transform *terraform.CloseProviderTransformer with new graph:
  iterative_machine.machine (expand) - *terraform.nodeExpandPlannableResource
    provider["registry.terraform.io/davidgortega/iterative"] - *terraform.NodeApplyableProvider
  meta.count-boundary (EachMode fixup) - *terraform.NodeCountBoundary
    iterative_machine.machine (expand) - *terraform.nodeExpandPlannableResource
    provider["registry.terraform.io/davidgortega/iterative"] - *terraform.NodeApplyableProvider
  provider["registry.terraform.io/davidgortega/iterative"] - *terraform.NodeApplyableProvider
  provider["registry.terraform.io/davidgortega/iterative"] (close) - *terraform.graphNodeCloseProvider
    iterative_machine.machine (expand) - *terraform.nodeExpandPlannableResource
    provider["registry.terraform.io/davidgortega/iterative"] - *terraform.NodeApplyableProvider
  ------
2020/10/12 15:04:35 [TRACE] Executing graph transform *terraform.CloseProvisionerTransformer
2020/10/12 15:04:35 [TRACE] Completed graph transform *terraform.CloseProvisionerTransformer (no changes)
2020/10/12 15:04:35 [TRACE] Executing graph transform *terraform.CloseRootModuleTransformer
2020/10/12 15:04:35 [TRACE] Completed graph transform *terraform.CloseRootModuleTransformer with new graph:
  iterative_machine.machine (expand) - *terraform.nodeExpandPlannableResource
    provider["registry.terraform.io/davidgortega/iterative"] - *terraform.NodeApplyableProvider
  meta.count-boundary (EachMode fixup) - *terraform.NodeCountBoundary
    iterative_machine.machine (expand) - *terraform.nodeExpandPlannableResource
    provider["registry.terraform.io/davidgortega/iterative"] - *terraform.NodeApplyableProvider
  provider["registry.terraform.io/davidgortega/iterative"] - *terraform.NodeApplyableProvider
  provider["registry.terraform.io/davidgortega/iterative"] (close) - *terraform.graphNodeCloseProvider
    iterative_machine.machine (expand) - *terraform.nodeExpandPlannableResource
    provider["registry.terraform.io/davidgortega/iterative"] - *terraform.NodeApplyableProvider
  root - *terraform.nodeCloseModule
    meta.count-boundary (EachMode fixup) - *terraform.NodeCountBoundary
    provider["registry.terraform.io/davidgortega/iterative"] (close) - *terraform.graphNodeCloseProvider
  ------
2020/10/12 15:04:35 [TRACE] Executing graph transform *terraform.TransitiveReductionTransformer
2020/10/12 15:04:35 [TRACE] Completed graph transform *terraform.TransitiveReductionTransformer with new graph:
  iterative_machine.machine (expand) - *terraform.nodeExpandPlannableResource
    provider["registry.terraform.io/davidgortega/iterative"] - *terraform.NodeApplyableProvider
  meta.count-boundary (EachMode fixup) - *terraform.NodeCountBoundary
    iterative_machine.machine (expand) - *terraform.nodeExpandPlannableResource
  provider["registry.terraform.io/davidgortega/iterative"] - *terraform.NodeApplyableProvider
  provider["registry.terraform.io/davidgortega/iterative"] (close) - *terraform.graphNodeCloseProvider
    iterative_machine.machine (expand) - *terraform.nodeExpandPlannableResource
  root - *terraform.nodeCloseModule
    meta.count-boundary (EachMode fixup) - *terraform.NodeCountBoundary
    provider["registry.terraform.io/davidgortega/iterative"] (close) - *terraform.graphNodeCloseProvider
  ------
2020/10/12 15:04:35 [DEBUG] Starting graph walk: walkPlan
2020/10/12 15:04:35 [TRACE] dag/walk: visiting "provider[\"registry.terraform.io/davidgortega/iterative\"]"
2020/10/12 15:04:35 [TRACE] vertex "provider[\"registry.terraform.io/davidgortega/iterative\"]": starting visit (*terraform.NodeApplyableProvider)
2020/10/12 15:04:35 [TRACE] vertex "provider[\"registry.terraform.io/davidgortega/iterative\"]": evaluating
2020/10/12 15:04:35 [TRACE] [walkPlan] Entering eval tree: provider["registry.terraform.io/davidgortega/iterative"]
2020/10/12 15:04:35 [TRACE] eval: *terraform.EvalSequence
2020/10/12 15:04:35 [TRACE] eval: *terraform.EvalInitProvider
2020-10-12T15:04:35.542+0200 [INFO]  plugin: configuring client automatic mTLS
2020-10-12T15:04:35.566+0200 [DEBUG] plugin: starting plugin: path=.terraform/plugins/registry.terraform.io/davidgortega/iterative/0.4.0/darwin_amd64/terraform-provider-iterative_v0.4.0 args=[.terraform/plugins/registry.terraform.io/davidgortega/iterative/0.4.0/darwin_amd64/terraform-provider-iterative_v0.4.0]
2020-10-12T15:04:35.569+0200 [DEBUG] plugin: plugin started: path=.terraform/plugins/registry.terraform.io/davidgortega/iterative/0.4.0/darwin_amd64/terraform-provider-iterative_v0.4.0 pid=7970
2020-10-12T15:04:35.569+0200 [DEBUG] plugin: waiting for RPC address: path=.terraform/plugins/registry.terraform.io/davidgortega/iterative/0.4.0/darwin_amd64/terraform-provider-iterative_v0.4.0
2020-10-12T15:04:35.579+0200 [INFO]  plugin.terraform-provider-iterative_v0.4.0: configuring server automatic mTLS: timestamp=2020-10-12T15:04:35.578+0200
2020-10-12T15:04:35.604+0200 [DEBUG] plugin.terraform-provider-iterative_v0.4.0: plugin address: address=/var/folders/9y/yrkbyqmd6xd9vpb05kgppj9c0000gn/T/plugin240044017 network=unix timestamp=2020-10-12T15:04:35.604+0200
2020-10-12T15:04:35.604+0200 [DEBUG] plugin: using plugin: version=5
2020-10-12T15:04:35.655+0200 [TRACE] plugin.stdio: waiting for stdio data
2020/10/12 15:04:35 [TRACE] BuiltinEvalContext: Initialized "provider[\"registry.terraform.io/davidgortega/iterative\"]" provider for provider["registry.terraform.io/davidgortega/iterative"]
2020/10/12 15:04:35 [TRACE] eval: terraform.EvalNoop
2020/10/12 15:04:35 [TRACE] eval: *terraform.EvalOpFilter
2020/10/12 15:04:35 [TRACE] eval: *terraform.EvalSequence
2020/10/12 15:04:35 [TRACE] eval: *terraform.EvalGetProvider
2020/10/12 15:04:35 [TRACE] eval: *terraform.EvalOpFilter
2020/10/12 15:04:35 [TRACE] eval: *terraform.EvalSequence
2020/10/12 15:04:35 [TRACE] eval: *terraform.EvalConfigProvider
2020/10/12 15:04:35 [TRACE] buildProviderConfig for provider["registry.terraform.io/davidgortega/iterative"]: using explicit config only
2020/10/12 15:04:35 [TRACE] GRPCProvider: GetSchema
2020/10/12 15:04:35 [TRACE] GRPCProvider: Configure
2020/10/12 15:04:35 [TRACE] eval: terraform.EvalNoop
2020/10/12 15:04:35 [TRACE] [walkPlan] Exiting eval tree: provider["registry.terraform.io/davidgortega/iterative"]
2020/10/12 15:04:35 [TRACE] vertex "provider[\"registry.terraform.io/davidgortega/iterative\"]": visit complete
2020/10/12 15:04:35 [TRACE] dag/walk: visiting "iterative_machine.machine (expand)"
2020/10/12 15:04:35 [TRACE] vertex "iterative_machine.machine (expand)": starting visit (*terraform.nodeExpandPlannableResource)
2020/10/12 15:04:35 [TRACE] vertex "iterative_machine.machine (expand)": expanding dynamic subgraph
2020/10/12 15:04:35 [TRACE] vertex "iterative_machine.machine (expand)": entering dynamic subgraph
2020/10/12 15:04:35 [TRACE] dag/walk: visiting "iterative_machine.machine"
2020/10/12 15:04:35 [TRACE] vertex "iterative_machine.machine": starting visit (*terraform.NodePlannableResource)
2020/10/12 15:04:35 [TRACE] vertex "iterative_machine.machine": evaluating
2020/10/12 15:04:35 [TRACE] [walkPlan] Entering eval tree: iterative_machine.machine
2020/10/12 15:04:35 [TRACE] eval: *terraform.EvalWriteResourceState
2020/10/12 15:04:35 [TRACE] [walkPlan] Exiting eval tree: iterative_machine.machine
2020/10/12 15:04:35 [TRACE] vertex "iterative_machine.machine": expanding dynamic subgraph
2020/10/12 15:04:35 [TRACE] Executing graph transform *terraform.ResourceCountTransformer
2020/10/12 15:04:35 [TRACE] ResourceCountTransformer: adding iterative_machine.machine as *terraform.NodePlannableResourceInstance
2020/10/12 15:04:35 [TRACE] Completed graph transform *terraform.ResourceCountTransformer with new graph:
  iterative_machine.machine - *terraform.NodePlannableResourceInstance
  ------
2020/10/12 15:04:35 [TRACE] Executing graph transform *terraform.OrphanResourceInstanceCountTransformer
2020/10/12 15:04:35 [TRACE] Completed graph transform *terraform.OrphanResourceInstanceCountTransformer (no changes)
2020/10/12 15:04:35 [TRACE] Executing graph transform *terraform.AttachStateTransformer
2020/10/12 15:04:35 [DEBUG] Resource instance state not found for node "iterative_machine.machine", instance iterative_machine.machine
2020/10/12 15:04:35 [TRACE] Completed graph transform *terraform.AttachStateTransformer (no changes)
2020/10/12 15:04:35 [TRACE] Executing graph transform *terraform.TargetsTransformer
2020/10/12 15:04:35 [TRACE] Completed graph transform *terraform.TargetsTransformer (no changes)
2020/10/12 15:04:35 [TRACE] Executing graph transform *terraform.ReferenceTransformer
2020/10/12 15:04:35 [DEBUG] ReferenceTransformer: "iterative_machine.machine" references: []
2020/10/12 15:04:35 [TRACE] Completed graph transform *terraform.ReferenceTransformer (no changes)
2020/10/12 15:04:35 [TRACE] Executing graph transform *terraform.RootTransformer
2020/10/12 15:04:35 [TRACE] Completed graph transform *terraform.RootTransformer (no changes)
2020/10/12 15:04:35 [TRACE] vertex "iterative_machine.machine": entering dynamic subgraph
2020/10/12 15:04:35 [TRACE] dag/walk: visiting "iterative_machine.machine"
2020/10/12 15:04:35 [TRACE] vertex "iterative_machine.machine": starting visit (*terraform.NodePlannableResourceInstance)
2020/10/12 15:04:35 [TRACE] vertex "iterative_machine.machine": evaluating
2020/10/12 15:04:35 [TRACE] [walkPlan] Entering eval tree: iterative_machine.machine
2020/10/12 15:04:35 [TRACE] eval: *terraform.EvalSequence
2020/10/12 15:04:35 [TRACE] eval: *terraform.EvalGetProvider
2020/10/12 15:04:35 [TRACE] eval: *terraform.EvalReadState
2020/10/12 15:04:35 [TRACE] EvalReadState: reading state for iterative_machine.machine
2020/10/12 15:04:35 [TRACE] EvalReadState: no state present for iterative_machine.machine
2020/10/12 15:04:35 [TRACE] eval: *terraform.EvalValidateSelfRef
2020/10/12 15:04:35 [TRACE] eval: *terraform.EvalDiff
2020/10/12 15:04:35 [TRACE] Re-validating config for "iterative_machine.machine"
2020/10/12 15:04:35 [TRACE] GRPCProvider: ValidateResourceTypeConfig
2020/10/12 15:04:35 [TRACE] GRPCProvider: PlanResourceChange
2020/10/12 15:04:35 [WARN] Provider "registry.terraform.io/davidgortega/iterative" produced an invalid plan for iterative_machine.machine, but we are tolerating it because it is using the legacy plugin SDK.
    The following problems may be the cause of any confusing errors from downstream operations:
      - .instance_hdd_size: planned value cty.NumberIntVal(10) does not match config value cty.NullVal(cty.Number)
      - .instance_type: planned value cty.StringVal("t2.micro") does not match config value cty.NullVal(cty.String)
2020/10/12 15:04:35 [TRACE] eval: *terraform.EvalCheckPreventDestroy
2020/10/12 15:04:35 [TRACE] eval: *terraform.EvalWriteState
2020/10/12 15:04:35 [TRACE] EvalWriteState: writing current state object for iterative_machine.machine
2020/10/12 15:04:35 [TRACE] eval: *terraform.EvalWriteDiff
2020/10/12 15:04:35 [TRACE] EvalWriteDiff: recorded Create change for iterative_machine.machine
2020/10/12 15:04:35 [TRACE] [walkPlan] Exiting eval tree: iterative_machine.machine
2020/10/12 15:04:35 [TRACE] vertex "iterative_machine.machine": visit complete
2020/10/12 15:04:35 [TRACE] vertex "iterative_machine.machine": dynamic subgraph completed successfully
2020/10/12 15:04:35 [TRACE] vertex "iterative_machine.machine": visit complete
2020/10/12 15:04:35 [TRACE] vertex "iterative_machine.machine (expand)": dynamic subgraph completed successfully
2020/10/12 15:04:35 [TRACE] vertex "iterative_machine.machine (expand)": visit complete
2020/10/12 15:04:35 [TRACE] dag/walk: visiting "meta.count-boundary (EachMode fixup)"
2020/10/12 15:04:35 [TRACE] vertex "meta.count-boundary (EachMode fixup)": starting visit (*terraform.NodeCountBoundary)
2020/10/12 15:04:35 [TRACE] vertex "meta.count-boundary (EachMode fixup)": evaluating
2020/10/12 15:04:35 [TRACE] [walkPlan] Entering eval tree: meta.count-boundary (EachMode fixup)
2020/10/12 15:04:35 [TRACE] eval: *terraform.EvalCountFixZeroOneBoundaryGlobal
2020/10/12 15:04:35 [TRACE] dag/walk: visiting "provider[\"registry.terraform.io/davidgortega/iterative\"] (close)"
2020/10/12 15:04:35 [TRACE] [walkPlan] Exiting eval tree: meta.count-boundary (EachMode fixup)
2020/10/12 15:04:35 [TRACE] vertex "meta.count-boundary (EachMode fixup)": visit complete
2020/10/12 15:04:35 [TRACE] vertex "provider[\"registry.terraform.io/davidgortega/iterative\"] (close)": starting visit (*terraform.graphNodeCloseProvider)
2020/10/12 15:04:35 [TRACE] vertex "provider[\"registry.terraform.io/davidgortega/iterative\"] (close)": evaluating
2020/10/12 15:04:35 [TRACE] [walkPlan] Entering eval tree: provider["registry.terraform.io/davidgortega/iterative"] (close)
2020/10/12 15:04:35 [TRACE] eval: *terraform.EvalCloseProvider
2020/10/12 15:04:35 [TRACE] GRPCProvider: Close
2020-10-12T15:04:35.659+0200 [WARN]  plugin.stdio: received EOF, stopping recv loop: err="rpc error: code = Unavailable desc = transport is closing"
2020-10-12T15:04:35.660+0200 [DEBUG] plugin: plugin process exited: path=.terraform/plugins/registry.terraform.io/davidgortega/iterative/0.4.0/darwin_amd64/terraform-provider-iterative_v0.4.0 pid=7970
2020-10-12T15:04:35.660+0200 [DEBUG] plugin: plugin exited
2020/10/12 15:04:35 [TRACE] [walkPlan] Exiting eval tree: provider["registry.terraform.io/davidgortega/iterative"] (close)
2020/10/12 15:04:35 [TRACE] vertex "provider[\"registry.terraform.io/davidgortega/iterative\"] (close)": visit complete
2020/10/12 15:04:35 [TRACE] dag/walk: visiting "root"
2020/10/12 15:04:35 [TRACE] vertex "root": starting visit (*terraform.nodeCloseModule)
2020/10/12 15:04:35 [TRACE] vertex "root": evaluating
2020/10/12 15:04:35 [TRACE] [walkPlan] Entering eval tree: root
2020/10/12 15:04:35 [TRACE] eval: *terraform.EvalSequence
2020/10/12 15:04:35 [TRACE] eval: terraform.EvalNoop
2020/10/12 15:04:35 [TRACE] [walkPlan] Exiting eval tree: root
2020/10/12 15:04:35 [TRACE] vertex "root": visit complete
2020/10/12 15:04:35 [INFO] backend/local: apply calling Apply
2020/10/12 15:04:35 [INFO] terraform: building graph: GraphTypeApply
2020/10/12 15:04:35 [TRACE] Executing graph transform *terraform.ConfigTransformer
2020/10/12 15:04:35 [TRACE] ConfigTransformer: Starting for path: 
2020/10/12 15:04:35 [TRACE] Completed graph transform *terraform.ConfigTransformer with new graph:
  iterative_machine.machine (expand) - *terraform.nodeExpandApplyableResource
  ------
2020/10/12 15:04:35 [TRACE] Executing graph transform *terraform.DiffTransformer
2020/10/12 15:04:35 [TRACE] DiffTransformer starting
2020/10/12 15:04:35 [TRACE] DiffTransformer: found Create change for iterative_machine.machine 
2020/10/12 15:04:35 [TRACE] DiffTransformer: iterative_machine.machine will be represented by iterative_machine.machine
2020/10/12 15:04:35 [TRACE] DiffTransformer complete
2020/10/12 15:04:35 [TRACE] Completed graph transform *terraform.DiffTransformer with new graph:
  iterative_machine.machine - *terraform.NodeApplyableResourceInstance
    iterative_machine.machine (expand) - *terraform.nodeExpandApplyableResource
  iterative_machine.machine (expand) - *terraform.nodeExpandApplyableResource
  ------
2020/10/12 15:04:35 [TRACE] Executing graph transform *terraform.OrphanOutputTransformer
2020/10/12 15:04:35 [TRACE] Completed graph transform *terraform.OrphanOutputTransformer (no changes)
2020/10/12 15:04:35 [TRACE] Executing graph transform *terraform.AttachResourceConfigTransformer
2020/10/12 15:04:35 [TRACE] AttachResourceConfigTransformer: attaching to "iterative_machine.machine (expand)" (*terraform.nodeExpandApplyableResource) config from .cml/main.tf:13,1-39
2020/10/12 15:04:35 [TRACE] AttachResourceConfigTransformer: attaching provider meta configs to iterative_machine.machine (expand)
2020/10/12 15:04:35 [TRACE] AttachResourceConfigTransformer: attaching to "iterative_machine.machine" (*terraform.NodeApplyableResourceInstance) config from .cml/main.tf:13,1-39
2020/10/12 15:04:35 [TRACE] AttachResourceConfigTransformer: attaching provider meta configs to iterative_machine.machine
2020/10/12 15:04:35 [TRACE] Completed graph transform *terraform.AttachResourceConfigTransformer (no changes)
2020/10/12 15:04:35 [TRACE] Executing graph transform *terraform.AttachStateTransformer
2020/10/12 15:04:35 [DEBUG] Resource state not found for node "iterative_machine.machine", instance iterative_machine.machine
2020/10/12 15:04:35 [TRACE] Completed graph transform *terraform.AttachStateTransformer (no changes)
2020/10/12 15:04:35 [TRACE] Executing graph transform *terraform.MissingProvisionerTransformer
2020/10/12 15:04:35 [TRACE] Completed graph transform *terraform.MissingProvisionerTransformer (no changes)
2020/10/12 15:04:35 [TRACE] Executing graph transform *terraform.ProvisionerTransformer
2020/10/12 15:04:35 [TRACE] Completed graph transform *terraform.ProvisionerTransformer (no changes)
2020/10/12 15:04:35 [TRACE] Executing graph transform *terraform.RootVariableTransformer
2020/10/12 15:04:35 [TRACE] Completed graph transform *terraform.RootVariableTransformer (no changes)
2020/10/12 15:04:35 [TRACE] Executing graph transform *terraform.LocalTransformer
2020/10/12 15:04:35 [TRACE] Completed graph transform *terraform.LocalTransformer (no changes)
2020/10/12 15:04:35 [TRACE] Executing graph transform *terraform.OutputTransformer
2020/10/12 15:04:35 [TRACE] Completed graph transform *terraform.OutputTransformer (no changes)
2020/10/12 15:04:35 [TRACE] Executing graph transform *terraform.ModuleVariableTransformer
2020/10/12 15:04:35 [TRACE] Completed graph transform *terraform.ModuleVariableTransformer (no changes)
2020/10/12 15:04:35 [TRACE] Executing graph transform *terraform.graphTransformerMulti
2020/10/12 15:04:35 [TRACE] (graphTransformerMulti) Executing graph transform *terraform.ProviderConfigTransformer
2020/10/12 15:04:35 [TRACE] ProviderConfigTransformer: attaching to "provider[\"registry.terraform.io/davidgortega/iterative\"]" provider configuration from .cml/main.tf:11,1-21
2020/10/12 15:04:35 [TRACE] (graphTransformerMulti) Completed graph transform *terraform.ProviderConfigTransformer with new graph:
  iterative_machine.machine - *terraform.NodeApplyableResourceInstance
    iterative_machine.machine (expand) - *terraform.nodeExpandApplyableResource
  iterative_machine.machine (expand) - *terraform.nodeExpandApplyableResource
  provider["registry.terraform.io/davidgortega/iterative"] - *terraform.NodeApplyableProvider
  ------
2020/10/12 15:04:35 [TRACE] (graphTransformerMulti) Executing graph transform *terraform.MissingProviderTransformer
2020/10/12 15:04:35 [TRACE] (graphTransformerMulti) Completed graph transform *terraform.MissingProviderTransformer (no changes)
2020/10/12 15:04:35 [TRACE] (graphTransformerMulti) Executing graph transform *terraform.ProviderTransformer
2020/10/12 15:04:35 [TRACE] ProviderTransformer: exact match for provider["registry.terraform.io/davidgortega/iterative"] serving iterative_machine.machine (expand)
2020/10/12 15:04:35 [DEBUG] ProviderTransformer: "iterative_machine.machine (expand)" (*terraform.nodeExpandApplyableResource) needs provider["registry.terraform.io/davidgortega/iterative"]
2020/10/12 15:04:35 [TRACE] ProviderTransformer: exact match for provider["registry.terraform.io/davidgortega/iterative"] serving iterative_machine.machine
2020/10/12 15:04:35 [DEBUG] ProviderTransformer: "iterative_machine.machine" (*terraform.NodeApplyableResourceInstance) needs provider["registry.terraform.io/davidgortega/iterative"]
2020/10/12 15:04:35 [TRACE] (graphTransformerMulti) Completed graph transform *terraform.ProviderTransformer with new graph:
  iterative_machine.machine - *terraform.NodeApplyableResourceInstance
    iterative_machine.machine (expand) - *terraform.nodeExpandApplyableResource
    provider["registry.terraform.io/davidgortega/iterative"] - *terraform.NodeApplyableProvider
  iterative_machine.machine (expand) - *terraform.nodeExpandApplyableResource
    provider["registry.terraform.io/davidgortega/iterative"] - *terraform.NodeApplyableProvider
  provider["registry.terraform.io/davidgortega/iterative"] - *terraform.NodeApplyableProvider
  ------
2020/10/12 15:04:35 [TRACE] (graphTransformerMulti) Executing graph transform *terraform.PruneProviderTransformer
2020/10/12 15:04:35 [TRACE] (graphTransformerMulti) Completed graph transform *terraform.PruneProviderTransformer (no changes)
2020/10/12 15:04:35 [TRACE] (graphTransformerMulti) Executing graph transform *terraform.ParentProviderTransformer
2020/10/12 15:04:35 [TRACE] (graphTransformerMulti) Completed graph transform *terraform.ParentProviderTransformer (no changes)
2020/10/12 15:04:35 [TRACE] Completed graph transform *terraform.graphTransformerMulti with new graph:
  iterative_machine.machine - *terraform.NodeApplyableResourceInstance
    iterative_machine.machine (expand) - *terraform.nodeExpandApplyableResource
    provider["registry.terraform.io/davidgortega/iterative"] - *terraform.NodeApplyableProvider
  iterative_machine.machine (expand) - *terraform.nodeExpandApplyableResource
    provider["registry.terraform.io/davidgortega/iterative"] - *terraform.NodeApplyableProvider
  provider["registry.terraform.io/davidgortega/iterative"] - *terraform.NodeApplyableProvider
  ------
2020/10/12 15:04:35 [TRACE] Executing graph transform *terraform.RemovedModuleTransformer
2020/10/12 15:04:35 [TRACE] Completed graph transform *terraform.RemovedModuleTransformer (no changes)
2020/10/12 15:04:35 [TRACE] Executing graph transform *terraform.AttachSchemaTransformer
2020/10/12 15:04:35 [TRACE] AttachSchemaTransformer: attaching resource schema to iterative_machine.machine (expand)
2020/10/12 15:04:35 [TRACE] AttachSchemaTransformer: attaching resource schema to iterative_machine.machine
2020/10/12 15:04:35 [TRACE] AttachSchemaTransformer: attaching provider config schema to provider["registry.terraform.io/davidgortega/iterative"]
2020/10/12 15:04:35 [TRACE] Completed graph transform *terraform.AttachSchemaTransformer (no changes)
2020/10/12 15:04:35 [TRACE] Executing graph transform *terraform.ModuleExpansionTransformer
2020/10/12 15:04:35 [TRACE] Completed graph transform *terraform.ModuleExpansionTransformer (no changes)
2020/10/12 15:04:35 [TRACE] Executing graph transform *terraform.ReferenceTransformer
2020/10/12 15:04:35 [DEBUG] ReferenceTransformer: "provider[\"registry.terraform.io/davidgortega/iterative\"]" references: []
2020/10/12 15:04:35 [DEBUG] ReferenceTransformer: "iterative_machine.machine (expand)" references: []
2020/10/12 15:04:35 [DEBUG] ReferenceTransformer: "iterative_machine.machine" references: []
2020/10/12 15:04:35 [TRACE] Completed graph transform *terraform.ReferenceTransformer (no changes)
2020/10/12 15:04:35 [TRACE] Executing graph transform *terraform.AttachDependenciesTransformer
2020/10/12 15:04:35 [TRACE] AttachDependenciesTransformer: iterative_machine.machine depends on []
2020/10/12 15:04:35 [TRACE] Completed graph transform *terraform.AttachDependenciesTransformer (no changes)
2020/10/12 15:04:35 [TRACE] Executing graph transform *terraform.ForcedCBDTransformer
2020/10/12 15:04:35 [TRACE] ForcedCBDTransformer: "iterative_machine.machine" (*terraform.NodeApplyableResourceInstance) has no CBD descendent, so skipping
2020/10/12 15:04:35 [TRACE] Completed graph transform *terraform.ForcedCBDTransformer (no changes)
2020/10/12 15:04:35 [TRACE] Executing graph transform *terraform.DestroyEdgeTransformer
2020/10/12 15:04:35 [TRACE] Completed graph transform *terraform.DestroyEdgeTransformer (no changes)
2020/10/12 15:04:35 [TRACE] Executing graph transform *terraform.CBDEdgeTransformer
2020/10/12 15:04:35 [TRACE] Completed graph transform *terraform.CBDEdgeTransformer (no changes)
2020/10/12 15:04:35 [TRACE] Executing graph transform *terraform.destroyRootOutputTransformer
2020/10/12 15:04:35 [TRACE] Completed graph transform *terraform.destroyRootOutputTransformer (no changes)
2020/10/12 15:04:35 [TRACE] Executing graph transform *terraform.pruneUnusedNodesTransformer
2020/10/12 15:04:35 [TRACE] Completed graph transform *terraform.pruneUnusedNodesTransformer (no changes)
2020/10/12 15:04:35 [TRACE] Executing graph transform *terraform.TargetsTransformer
2020/10/12 15:04:35 [TRACE] Completed graph transform *terraform.TargetsTransformer (no changes)
2020/10/12 15:04:35 [TRACE] Executing graph transform *terraform.CountBoundaryTransformer
2020/10/12 15:04:35 [TRACE] Completed graph transform *terraform.CountBoundaryTransformer with new graph:
  iterative_machine.machine - *terraform.NodeApplyableResourceInstance
    iterative_machine.machine (expand) - *terraform.nodeExpandApplyableResource
    provider["registry.terraform.io/davidgortega/iterative"] - *terraform.NodeApplyableProvider
  iterative_machine.machine (expand) - *terraform.nodeExpandApplyableResource
    provider["registry.terraform.io/davidgortega/iterative"] - *terraform.NodeApplyableProvider
  meta.count-boundary (EachMode fixup) - *terraform.NodeCountBoundary
    iterative_machine.machine - *terraform.NodeApplyableResourceInstance
    iterative_machine.machine (expand) - *terraform.nodeExpandApplyableResource
    provider["registry.terraform.io/davidgortega/iterative"] - *terraform.NodeApplyableProvider
  provider["registry.terraform.io/davidgortega/iterative"] - *terraform.NodeApplyableProvider
  ------
2020/10/12 15:04:35 [TRACE] Executing graph transform *terraform.CloseProviderTransformer
2020/10/12 15:04:35 [TRACE] Completed graph transform *terraform.CloseProviderTransformer with new graph:
  iterative_machine.machine - *terraform.NodeApplyableResourceInstance
    iterative_machine.machine (expand) - *terraform.nodeExpandApplyableResource
    provider["registry.terraform.io/davidgortega/iterative"] - *terraform.NodeApplyableProvider
  iterative_machine.machine (expand) - *terraform.nodeExpandApplyableResource
    provider["registry.terraform.io/davidgortega/iterative"] - *terraform.NodeApplyableProvider
  meta.count-boundary (EachMode fixup) - *terraform.NodeCountBoundary
    iterative_machine.machine - *terraform.NodeApplyableResourceInstance
    iterative_machine.machine (expand) - *terraform.nodeExpandApplyableResource
    provider["registry.terraform.io/davidgortega/iterative"] - *terraform.NodeApplyableProvider
  provider["registry.terraform.io/davidgortega/iterative"] - *terraform.NodeApplyableProvider
  provider["registry.terraform.io/davidgortega/iterative"] (close) - *terraform.graphNodeCloseProvider
    iterative_machine.machine - *terraform.NodeApplyableResourceInstance
    iterative_machine.machine (expand) - *terraform.nodeExpandApplyableResource
    provider["registry.terraform.io/davidgortega/iterative"] - *terraform.NodeApplyableProvider
  ------
2020/10/12 15:04:35 [TRACE] Executing graph transform *terraform.CloseProvisionerTransformer
2020/10/12 15:04:35 [TRACE] Completed graph transform *terraform.CloseProvisionerTransformer (no changes)
2020/10/12 15:04:35 [TRACE] Executing graph transform *terraform.applyDestroyNodeReferenceFixupTransformer
2020/10/12 15:04:35 [TRACE] Completed graph transform *terraform.applyDestroyNodeReferenceFixupTransformer (no changes)
2020/10/12 15:04:35 [TRACE] Executing graph transform *terraform.CloseRootModuleTransformer
2020/10/12 15:04:35 [TRACE] Completed graph transform *terraform.CloseRootModuleTransformer with new graph:
  iterative_machine.machine - *terraform.NodeApplyableResourceInstance
    iterative_machine.machine (expand) - *terraform.nodeExpandApplyableResource
    provider["registry.terraform.io/davidgortega/iterative"] - *terraform.NodeApplyableProvider
  iterative_machine.machine (expand) - *terraform.nodeExpandApplyableResource
    provider["registry.terraform.io/davidgortega/iterative"] - *terraform.NodeApplyableProvider
  meta.count-boundary (EachMode fixup) - *terraform.NodeCountBoundary
    iterative_machine.machine - *terraform.NodeApplyableResourceInstance
    iterative_machine.machine (expand) - *terraform.nodeExpandApplyableResource
    provider["registry.terraform.io/davidgortega/iterative"] - *terraform.NodeApplyableProvider
  provider["registry.terraform.io/davidgortega/iterative"] - *terraform.NodeApplyableProvider
  provider["registry.terraform.io/davidgortega/iterative"] (close) - *terraform.graphNodeCloseProvider
    iterative_machine.machine - *terraform.NodeApplyableResourceInstance
    iterative_machine.machine (expand) - *terraform.nodeExpandApplyableResource
    provider["registry.terraform.io/davidgortega/iterative"] - *terraform.NodeApplyableProvider
  root - *terraform.nodeCloseModule
    meta.count-boundary (EachMode fixup) - *terraform.NodeCountBoundary
    provider["registry.terraform.io/davidgortega/iterative"] (close) - *terraform.graphNodeCloseProvider
  ------
2020/10/12 15:04:35 [TRACE] Executing graph transform *terraform.TransitiveReductionTransformer
2020/10/12 15:04:35 [TRACE] Completed graph transform *terraform.TransitiveReductionTransformer with new graph:
  iterative_machine.machine - *terraform.NodeApplyableResourceInstance
    iterative_machine.machine (expand) - *terraform.nodeExpandApplyableResource
  iterative_machine.machine (expand) - *terraform.nodeExpandApplyableResource
    provider["registry.terraform.io/davidgortega/iterative"] - *terraform.NodeApplyableProvider
  meta.count-boundary (EachMode fixup) - *terraform.NodeCountBoundary
    iterative_machine.machine - *terraform.NodeApplyableResourceInstance
  provider["registry.terraform.io/davidgortega/iterative"] - *terraform.NodeApplyableProvider
  provider["registry.terraform.io/davidgortega/iterative"] (close) - *terraform.graphNodeCloseProvider
    iterative_machine.machine - *terraform.NodeApplyableResourceInstance
  root - *terraform.nodeCloseModule
    meta.count-boundary (EachMode fixup) - *terraform.NodeCountBoundary
    provider["registry.terraform.io/davidgortega/iterative"] (close) - *terraform.graphNodeCloseProvider
  ------
2020/10/12 15:04:35 [DEBUG] Starting graph walk: walkApply
2020/10/12 15:04:35 [TRACE] dag/walk: visiting "provider[\"registry.terraform.io/davidgortega/iterative\"]"
2020/10/12 15:04:35 [TRACE] vertex "provider[\"registry.terraform.io/davidgortega/iterative\"]": starting visit (*terraform.NodeApplyableProvider)
2020/10/12 15:04:35 [TRACE] vertex "provider[\"registry.terraform.io/davidgortega/iterative\"]": evaluating
2020/10/12 15:04:35 [TRACE] [walkApply] Entering eval tree: provider["registry.terraform.io/davidgortega/iterative"]
2020/10/12 15:04:35 [TRACE] eval: *terraform.EvalSequence
2020/10/12 15:04:35 [TRACE] eval: *terraform.EvalInitProvider
2020-10-12T15:04:35.662+0200 [INFO]  plugin: configuring client automatic mTLS
2020-10-12T15:04:35.686+0200 [DEBUG] plugin: starting plugin: path=.terraform/plugins/registry.terraform.io/davidgortega/iterative/0.4.0/darwin_amd64/terraform-provider-iterative_v0.4.0 args=[.terraform/plugins/registry.terraform.io/davidgortega/iterative/0.4.0/darwin_amd64/terraform-provider-iterative_v0.4.0]
2020-10-12T15:04:35.688+0200 [DEBUG] plugin: plugin started: path=.terraform/plugins/registry.terraform.io/davidgortega/iterative/0.4.0/darwin_amd64/terraform-provider-iterative_v0.4.0 pid=7971
2020-10-12T15:04:35.688+0200 [DEBUG] plugin: waiting for RPC address: path=.terraform/plugins/registry.terraform.io/davidgortega/iterative/0.4.0/darwin_amd64/terraform-provider-iterative_v0.4.0
2020-10-12T15:04:35.698+0200 [INFO]  plugin.terraform-provider-iterative_v0.4.0: configuring server automatic mTLS: timestamp=2020-10-12T15:04:35.698+0200
2020-10-12T15:04:35.725+0200 [DEBUG] plugin.terraform-provider-iterative_v0.4.0: plugin address: address=/var/folders/9y/yrkbyqmd6xd9vpb05kgppj9c0000gn/T/plugin412014550 network=unix timestamp=2020-10-12T15:04:35.725+0200
2020-10-12T15:04:35.725+0200 [DEBUG] plugin: using plugin: version=5
2020/10/12 15:04:35 [TRACE] BuiltinEvalContext: Initialized "provider[\"registry.terraform.io/davidgortega/iterative\"]" provider for provider["registry.terraform.io/davidgortega/iterative"]
2020/10/12 15:04:35 [TRACE] eval: terraform.EvalNoop
2020/10/12 15:04:35 [TRACE] eval: *terraform.EvalOpFilter
2020/10/12 15:04:35 [TRACE] eval: *terraform.EvalSequence
2020/10/12 15:04:35 [TRACE] eval: *terraform.EvalGetProvider
2020/10/12 15:04:35 [TRACE] eval: *terraform.EvalOpFilter
2020/10/12 15:04:35 [TRACE] eval: *terraform.EvalSequence
2020/10/12 15:04:35 [TRACE] eval: *terraform.EvalConfigProvider
2020-10-12T15:04:35.777+0200 [TRACE] plugin.stdio: waiting for stdio data
2020/10/12 15:04:35 [TRACE] buildProviderConfig for provider["registry.terraform.io/davidgortega/iterative"]: using explicit config only
2020/10/12 15:04:35 [TRACE] GRPCProvider: GetSchema
2020/10/12 15:04:35 [TRACE] GRPCProvider: Configure
2020/10/12 15:04:35 [TRACE] eval: terraform.EvalNoop
2020/10/12 15:04:35 [TRACE] [walkApply] Exiting eval tree: provider["registry.terraform.io/davidgortega/iterative"]
2020/10/12 15:04:35 [TRACE] vertex "provider[\"registry.terraform.io/davidgortega/iterative\"]": visit complete
2020/10/12 15:04:35 [TRACE] dag/walk: visiting "iterative_machine.machine (expand)"
2020/10/12 15:04:35 [TRACE] vertex "iterative_machine.machine (expand)": starting visit (*terraform.nodeExpandApplyableResource)
2020/10/12 15:04:35 [TRACE] vertex "iterative_machine.machine (expand)": expanding dynamic subgraph
2020/10/12 15:04:35 [TRACE] vertex "iterative_machine.machine (expand)": entering dynamic subgraph
2020/10/12 15:04:35 [TRACE] dag/walk: visiting "iterative_machine.machine"
2020/10/12 15:04:35 [TRACE] vertex "iterative_machine.machine": starting visit (*terraform.NodeApplyableResource)
2020/10/12 15:04:35 [TRACE] vertex "iterative_machine.machine": evaluating
2020/10/12 15:04:35 [TRACE] [walkApply] Entering eval tree: iterative_machine.machine
2020/10/12 15:04:35 [TRACE] eval: *terraform.EvalWriteResourceState
2020/10/12 15:04:35 [TRACE] [walkApply] Exiting eval tree: iterative_machine.machine
2020/10/12 15:04:35 [TRACE] vertex "iterative_machine.machine": visit complete
2020/10/12 15:04:35 [TRACE] vertex "iterative_machine.machine (expand)": dynamic subgraph completed successfully
2020/10/12 15:04:35 [TRACE] vertex "iterative_machine.machine (expand)": visit complete
2020/10/12 15:04:35 [TRACE] dag/walk: visiting "iterative_machine.machine"
2020/10/12 15:04:35 [TRACE] vertex "iterative_machine.machine": starting visit (*terraform.NodeApplyableResourceInstance)
2020/10/12 15:04:35 [TRACE] vertex "iterative_machine.machine": evaluating
2020/10/12 15:04:35 [TRACE] [walkApply] Entering eval tree: iterative_machine.machine
2020/10/12 15:04:35 [TRACE] eval: *terraform.EvalSequence
2020/10/12 15:04:35 [TRACE] eval: *terraform.EvalGetProvider
2020/10/12 15:04:35 [TRACE] eval: *terraform.EvalReadDiff
2020/10/12 15:04:35 [TRACE] EvalReadDiff: Read Create change from plan for iterative_machine.machine
2020/10/12 15:04:35 [TRACE] eval: *terraform.EvalIf
2020/10/12 15:04:35 [TRACE] eval: terraform.EvalNoop
2020/10/12 15:04:35 [TRACE] eval: *terraform.EvalIf
2020/10/12 15:04:35 [TRACE] eval: *terraform.EvalReadState
2020/10/12 15:04:35 [TRACE] EvalReadState: reading state for iterative_machine.machine
2020/10/12 15:04:35 [TRACE] EvalReadState: no state present for iterative_machine.machine
2020/10/12 15:04:35 [TRACE] eval: *terraform.EvalReadDiff
2020/10/12 15:04:35 [TRACE] EvalReadDiff: Read Create change from plan for iterative_machine.machine
2020/10/12 15:04:35 [TRACE] eval: *terraform.EvalDiff
2020/10/12 15:04:35 [TRACE] Re-validating config for "iterative_machine.machine"
2020/10/12 15:04:35 [TRACE] GRPCProvider: ValidateResourceTypeConfig
2020/10/12 15:04:35 [TRACE] GRPCProvider: PlanResourceChange
2020/10/12 15:04:35 [WARN] Provider "registry.terraform.io/davidgortega/iterative" produced an invalid plan for iterative_machine.machine, but we are tolerating it because it is using the legacy plugin SDK.
    The following problems may be the cause of any confusing errors from downstream operations:
      - .instance_hdd_size: planned value cty.NumberIntVal(10) does not match config value cty.NullVal(cty.Number)
      - .instance_type: planned value cty.StringVal("t2.micro") does not match config value cty.NullVal(cty.String)
2020/10/12 15:04:35 [TRACE] eval: *terraform.EvalCheckPlannedChange
2020/10/12 15:04:35 [TRACE] EvalCheckPlannedChange: Verifying that actual change (action Create) matches planned change (action Create)
2020/10/12 15:04:35 [TRACE] eval: *terraform.EvalGetProvider
2020/10/12 15:04:35 [TRACE] eval: *terraform.EvalReadState
2020/10/12 15:04:35 [TRACE] EvalReadState: reading state for iterative_machine.machine
2020/10/12 15:04:35 [TRACE] EvalReadState: no state present for iterative_machine.machine
2020/10/12 15:04:35 [TRACE] eval: *terraform.EvalReduceDiff
2020/10/12 15:04:35 [TRACE] eval: *terraform.EvalIf
2020/10/12 15:04:35 [TRACE] eval: terraform.EvalNoop
2020/10/12 15:04:35 [TRACE] eval: *terraform.EvalApplyPre
2020/10/12 15:04:35 [TRACE] eval: *terraform.EvalApply
2020/10/12 15:04:35 [DEBUG] EvalApply: ProviderMeta config value set
2020/10/12 15:04:35 [DEBUG] iterative_machine.machine: applying the planned Create change
2020/10/12 15:04:35 [TRACE] GRPCProvider: ApplyResourceChange
2020-10-12T15:04:37.235+0200 [DEBUG] plugin.terraform-provider-iterative_v0.4.0: panic: runtime error: index out of range [0] with length 0
2020-10-12T15:04:37.236+0200 [DEBUG] plugin.terraform-provider-iterative_v0.4.0: 
2020-10-12T15:04:37.236+0200 [DEBUG] plugin.terraform-provider-iterative_v0.4.0: goroutine 54 [running]:
2020-10-12T15:04:37.236+0200 [DEBUG] plugin.terraform-provider-iterative_v0.4.0: terraform-provider-iterative/iterative.resourceMachineCreate(0x2070f40, 0xc00058d7a0, 0xc00040d980, 0x0, 0x0, 0xc0002c8be0, 0x12c717a, 0xc000794640)
2020-10-12T15:04:37.236+0200 [DEBUG] plugin.terraform-provider-iterative_v0.4.0: 	terraform-provider-iterative/iterative/resource_machine.go:126 +0x2cd7
2020-10-12T15:04:37.236+0200 [DEBUG] plugin.terraform-provider-iterative_v0.4.0: github.com/hashicorp/terraform-plugin-sdk/v2/helper/schema.(*Resource).create(0xc0000ae580, 0x2070ec0, 0xc00009d340, 0xc00040d980, 0x0, 0x0, 0x0, 0x0, 0x0)
2020-10-12T15:04:37.236+0200 [DEBUG] plugin.terraform-provider-iterative_v0.4.0: 	github.com/hashicorp/terraform-plugin-sdk/v2@v2.0.1/helper/schema/resource.go:276 +0x1ec
2020-10-12T15:04:37.236+0200 [DEBUG] plugin.terraform-provider-iterative_v0.4.0: github.com/hashicorp/terraform-plugin-sdk/v2/helper/schema.(*Resource).Apply(0xc0000ae580, 0x2070ec0, 0xc00009d340, 0xc000167650, 0xc000794640, 0x0, 0x0, 0x0, 0x0, 0x0, ...)
2020-10-12T15:04:37.236+0200 [DEBUG] plugin.terraform-provider-iterative_v0.4.0: 	github.com/hashicorp/terraform-plugin-sdk/v2@v2.0.1/helper/schema/resource.go:387 +0x681
2020-10-12T15:04:37.236+0200 [DEBUG] plugin.terraform-provider-iterative_v0.4.0: github.com/hashicorp/terraform-plugin-sdk/v2/internal/helper/plugin.(*GRPCProviderServer).ApplyResourceChange(0xc0000a4140, 0x2070ec0, 0xc00009d340, 0xc000167420, 0xc0000a4140, 0xc0000a4150, 0x1dde888)
2020-10-12T15:04:37.236+0200 [DEBUG] plugin.terraform-provider-iterative_v0.4.0: 	github.com/hashicorp/terraform-plugin-sdk/v2@v2.0.1/internal/helper/plugin/grpc_provider.go:952 +0x8b2
2020-10-12T15:04:37.236+0200 [DEBUG] plugin.terraform-provider-iterative_v0.4.0: github.com/hashicorp/terraform-plugin-sdk/v2/internal/tfplugin5._Provider_ApplyResourceChange_Handler.func1(0x2070ec0, 0xc00009d340, 0x1d42dc0, 0xc000167420, 0xc00009d340, 0x1c3de40, 0xc00058d201, 0xc000794460)
2020-10-12T15:04:37.236+0200 [DEBUG] plugin.terraform-provider-iterative_v0.4.0: 	github.com/hashicorp/terraform-plugin-sdk/v2@v2.0.1/internal/tfplugin5/tfplugin5.pb.go:3312 +0x86
2020-10-12T15:04:37.236+0200 [DEBUG] plugin.terraform-provider-iterative_v0.4.0: github.com/hashicorp/terraform-plugin-sdk/v2/plugin.Serve.func3.1(0x2070f80, 0xc000693920, 0x1d42dc0, 0xc000167420, 0xc000794440, 0xc000794460, 0xc000305ba0, 0x11b9768, 0x1cf63e0, 0xc000693920)
2020-10-12T15:04:37.236+0200 [DEBUG] plugin.terraform-provider-iterative_v0.4.0: 	github.com/hashicorp/terraform-plugin-sdk/v2@v2.0.1/plugin/serve.go:76 +0x87
2020-10-12T15:04:37.236+0200 [DEBUG] plugin.terraform-provider-iterative_v0.4.0: github.com/hashicorp/terraform-plugin-sdk/v2/internal/tfplugin5._Provider_ApplyResourceChange_Handler(0x1d5b980, 0xc0000a4140, 0x2070f80, 0xc000693920, 0xc00058d2c0, 0xc0004097c0, 0x2070f80, 0xc000693920, 0xc0002ce340, 0x193)
2020-10-12T15:04:37.236+0200 [DEBUG] plugin.terraform-provider-iterative_v0.4.0: 	github.com/hashicorp/terraform-plugin-sdk/v2@v2.0.1/internal/tfplugin5/tfplugin5.pb.go:3314 +0x14b
2020-10-12T15:04:37.236+0200 [DEBUG] plugin.terraform-provider-iterative_v0.4.0: google.golang.org/grpc.(*Server).processUnaryRPC(0xc0000d2380, 0x207a640, 0xc00008b980, 0xc000164400, 0xc000152ed0, 0x2889580, 0x0, 0x0, 0x0)
2020-10-12T15:04:37.236+0200 [DEBUG] plugin.terraform-provider-iterative_v0.4.0: 	google.golang.org/grpc@v1.30.0/server.go:1171 +0x50a
2020-10-12T15:04:37.236+0200 [DEBUG] plugin.terraform-provider-iterative_v0.4.0: google.golang.org/grpc.(*Server).handleStream(0xc0000d2380, 0x207a640, 0xc00008b980, 0xc000164400, 0x0)
2020-10-12T15:04:37.236+0200 [DEBUG] plugin.terraform-provider-iterative_v0.4.0: 	google.golang.org/grpc@v1.30.0/server.go:1494 +0xccd
2020-10-12T15:04:37.236+0200 [DEBUG] plugin.terraform-provider-iterative_v0.4.0: google.golang.org/grpc.(*Server).serveStreams.func1.2(0xc00040a1f0, 0xc0000d2380, 0x207a640, 0xc00008b980, 0xc000164400)
2020-10-12T15:04:37.236+0200 [DEBUG] plugin.terraform-provider-iterative_v0.4.0: 	google.golang.org/grpc@v1.30.0/server.go:834 +0xa1
2020-10-12T15:04:37.236+0200 [DEBUG] plugin.terraform-provider-iterative_v0.4.0: created by google.golang.org/grpc.(*Server).serveStreams.func1
2020-10-12T15:04:37.236+0200 [DEBUG] plugin.terraform-provider-iterative_v0.4.0: 	google.golang.org/grpc@v1.30.0/server.go:832 +0x204
2020-10-12T15:04:37.239+0200 [WARN]  plugin.stdio: received EOF, stopping recv loop: err="rpc error: code = Unavailable desc = transport is closing"
2020/10/12 15:04:37 [DEBUG] iterative_machine.machine: apply errored, but we're indicating that via the Error pointer rather than returning it: rpc error: code = Unavailable desc = transport is closing
2020/10/12 15:04:37 [TRACE] eval: *terraform.EvalMaybeTainted
2020/10/12 15:04:37 [TRACE] EvalMaybeTainted: iterative_machine.machine encountered an error during creation, so it is now marked as tainted
2020/10/12 15:04:37 [TRACE] eval: *terraform.EvalWriteState
2020/10/12 15:04:37 [TRACE] EvalWriteState: removing state object for iterative_machine.machine
2020/10/12 15:04:37 [TRACE] eval: *terraform.EvalApplyProvisioners
2020/10/12 15:04:37 [TRACE] EvalApplyProvisioners: iterative_machine.machine has no state, so skipping provisioners
2020/10/12 15:04:37 [TRACE] eval: *terraform.EvalMaybeTainted
2020/10/12 15:04:37 [TRACE] EvalMaybeTainted: iterative_machine.machine encountered an error during creation, so it is now marked as tainted
2020/10/12 15:04:37 [TRACE] eval: *terraform.EvalWriteState
2020/10/12 15:04:37 [TRACE] EvalWriteState: removing state object for iterative_machine.machine
2020/10/12 15:04:37 [TRACE] eval: *terraform.EvalIf
2020/10/12 15:04:37 [TRACE] eval: *terraform.EvalIf
2020/10/12 15:04:37 [TRACE] eval: *terraform.EvalWriteDiff
2020/10/12 15:04:37 [TRACE] eval: *terraform.EvalApplyPost
2020/10/12 15:04:37 [ERROR] eval: *terraform.EvalApplyPost, err: rpc error: code = Unavailable desc = transport is closing
2020/10/12 15:04:37 [ERROR] eval: *terraform.EvalSequence, err: rpc error: code = Unavailable desc = transport is closing
2020/10/12 15:04:37 [TRACE] [walkApply] Exiting eval tree: iterative_machine.machine
2020/10/12 15:04:37 [TRACE] vertex "iterative_machine.machine": visit complete
2020-10-12T15:04:37.239+0200 [DEBUG] plugin: plugin process exited: path=.terraform/plugins/registry.terraform.io/davidgortega/iterative/0.4.0/darwin_amd64/terraform-provider-iterative_v0.4.0 pid=7971 error="exit status 2"
2020/10/12 15:04:37 [TRACE] dag/walk: upstream of "provider[\"registry.terraform.io/davidgortega/iterative\"] (close)" errored, so skipping
2020/10/12 15:04:37 [TRACE] dag/walk: upstream of "meta.count-boundary (EachMode fixup)" errored, so skipping
2020/10/12 15:04:37 [TRACE] dag/walk: upstream of "root" errored, so skipping
2020/10/12 15:04:37 [TRACE] statemgr.Filesystem: reading latest snapshot from ./.cml/terraform.tfstate
2020/10/12 15:04:37 [TRACE] statemgr.Filesystem: snapshot file has nil snapshot, but that's okay
2020/10/12 15:04:37 [TRACE] statemgr.Filesystem: read nil snapshot
2020/10/12 15:04:37 [TRACE] statemgr.Filesystem: no original state snapshot to back up
2020/10/12 15:04:37 [TRACE] statemgr.Filesystem: state has changed since last snapshot, so incrementing serial to 1
2020/10/12 15:04:37 [TRACE] statemgr.Filesystem: writing snapshot at ./.cml/terraform.tfstate
2020/10/12 15:04:37 [TRACE] statemgr.Filesystem: removing lock metadata file .cml/.terraform.tfstate.lock.info
2020/10/12 15:04:37 [TRACE] statemgr.Filesystem: unlocking ./.cml/terraform.tfstate using fcntl flock
2020-10-12T15:04:37.293+0200 [DEBUG] plugin: plugin exited
